<?xml version="1.0" encoding="UTF-8"?>
<testng-results skipped="0" failed="0" total="1" passed="1">
  <reporter-output>
  </reporter-output>
  <suite name="Surefire suite" duration-ms="447" started-at="2019-02-06T18:55:13Z" finished-at="2019-02-06T18:55:13Z">
    <groups>
    </groups>
    <test name="Surefire test" duration-ms="447" started-at="2019-02-06T18:55:13Z" finished-at="2019-02-06T18:55:13Z">
      <class name="ua.bytes.AppTest">
        <test-method status="PASS" signature="shouldAnswerWithTrue()[pri:0, instance:ua.bytes.AppTest@4fce136b]" name="shouldAnswerWithTrue" duration-ms="156" started-at="2019-02-06T20:55:13Z" finished-at="2019-02-06T20:55:13Z">
          <reporter-output>
          </reporter-output>
        </test-method> <!-- shouldAnswerWithTrue -->
      </class> <!-- ua.bytes.AppTest -->
    </test> <!-- Surefire test -->
  </suite> <!-- Surefire suite -->
</testng-results>
